<?xml version="1.0" encoding="UTF-8"?>
<!-- Generated by org.testng.reporters.JUnitReportReporter -->
<testsuite hostname="GSK-QA-062" failures="0" tests="3" name="subform_end2end.getOneByOneSF" time="944.879" errors="0" timestamp="2022-04-13T15:31:54 IST" skipped="0">
  <testcase classname="subform_end2end.getOneByOneSF" name="signIn" time="792.287"/>
  <system-out/>
  <testcase classname="subform_end2end.getOneByOneSF" name="signIn" time="105.078"/>
  <system-out/>
  <testcase classname="subform_end2end.getOneByOneSF" name="signIn" time="47.514"/>
  <system-out/>
</testsuite> <!-- subform_end2end.getOneByOneSF -->
